<?xml version="1.0" encoding="UTF-8"?>
<testsuite name="com.example.design.MainTest" tests="1" skipped="0" failures="0" errors="0" timestamp="2021-12-18T11:54:06" hostname="zink" time="0.494">
  <properties/>
  <testcase name="调用不存在的支付方式" classname="com.example.design.MainTest" time="0.494"/>
  <system-out><![CDATA[19:54:01.325 [Test worker] DEBUG org.springframework.test.context.BootstrapUtils - Instantiating CacheAwareContextLoaderDelegate from class [org.springframework.test.context.cache.DefaultCacheAwareContextLoaderDelegate]
19:54:01.339 [Test worker] DEBUG org.springframework.test.context.BootstrapUtils - Instantiating BootstrapContext using constructor [public org.springframework.test.context.support.DefaultBootstrapContext(java.lang.Class,org.springframework.test.context.CacheAwareContextLoaderDelegate)]
19:54:01.431 [Test worker] DEBUG org.springframework.test.context.BootstrapUtils - Instantiating TestContextBootstrapper for test class [com.example.design.MainTest] from class [org.springframework.boot.test.context.SpringBootTestContextBootstrapper]
19:54:01.452 [Test worker] INFO org.springframework.boot.test.context.SpringBootTestContextBootstrapper - Neither @ContextConfiguration nor @ContextHierarchy found for test class [com.example.design.MainTest], using SpringBootContextLoader
19:54:01.457 [Test worker] DEBUG org.springframework.test.context.support.AbstractContextLoader - Did not detect default resource location for test class [com.example.design.MainTest]: class path resource [com/example/design/MainTest-context.xml] does not exist
19:54:01.457 [Test worker] DEBUG org.springframework.test.context.support.AbstractContextLoader - Did not detect default resource location for test class [com.example.design.MainTest]: class path resource [com/example/design/MainTestContext.groovy] does not exist
19:54:01.458 [Test worker] INFO org.springframework.test.context.support.AbstractContextLoader - Could not detect default resource locations for test class [com.example.design.MainTest]: no resource found for suffixes {-context.xml, Context.groovy}.
19:54:01.459 [Test worker] INFO org.springframework.test.context.support.AnnotationConfigContextLoaderUtils - Could not detect default configuration classes for test class [com.example.design.MainTest]: MainTest does not declare any static, non-private, non-final, nested classes annotated with @Configuration.
19:54:01.552 [Test worker] DEBUG org.springframework.test.context.support.ActiveProfilesUtils - Could not find an 'annotation declaring class' for annotation type [org.springframework.test.context.ActiveProfiles] and class [com.example.design.MainTest]
19:54:01.690 [Test worker] DEBUG org.springframework.context.annotation.ClassPathScanningCandidateComponentProvider - Identified candidate component class: file [/Users/zinkchen/IdeaProjects/tes/design-pattern-demo/build/classes/java/main/com/example/App.class]
19:54:01.693 [Test worker] INFO org.springframework.boot.test.context.SpringBootTestContextBootstrapper - Found @SpringBootConfiguration com.example.App for test class com.example.design.MainTest
19:54:01.906 [Test worker] DEBUG org.springframework.boot.test.context.SpringBootTestContextBootstrapper - @TestExecutionListeners is not present for class [com.example.design.MainTest]: using defaults.
19:54:01.908 [Test worker] INFO org.springframework.boot.test.context.SpringBootTestContextBootstrapper - Loaded default TestExecutionListener class names from location [META-INF/spring.factories]: [org.springframework.boot.test.autoconfigure.restdocs.RestDocsTestExecutionListener, org.springframework.boot.test.autoconfigure.web.client.MockRestServiceServerResetTestExecutionListener, org.springframework.boot.test.autoconfigure.web.servlet.MockMvcPrintOnlyOnFailureTestExecutionListener, org.springframework.boot.test.autoconfigure.web.servlet.WebDriverTestExecutionListener, org.springframework.boot.test.autoconfigure.webservices.client.MockWebServiceServerTestExecutionListener, org.springframework.boot.test.mock.mockito.MockitoTestExecutionListener, org.springframework.boot.test.mock.mockito.ResetMocksTestExecutionListener, org.springframework.test.context.web.ServletTestExecutionListener, org.springframework.test.context.support.DirtiesContextBeforeModesTestExecutionListener, org.springframework.test.context.event.ApplicationEventsTestExecutionListener, org.springframework.test.context.support.DependencyInjectionTestExecutionListener, org.springframework.test.context.support.DirtiesContextTestExecutionListener, org.springframework.test.context.transaction.TransactionalTestExecutionListener, org.springframework.test.context.jdbc.SqlScriptsTestExecutionListener, org.springframework.test.context.event.EventPublishingTestExecutionListener]
19:54:01.926 [Test worker] DEBUG org.springframework.boot.test.context.SpringBootTestContextBootstrapper - Skipping candidate TestExecutionListener [org.springframework.test.context.transaction.TransactionalTestExecutionListener] due to a missing dependency. Specify custom listener classes or make the default listener classes and their required dependencies available. Offending class: [org/springframework/transaction/TransactionDefinition]
19:54:01.927 [Test worker] DEBUG org.springframework.boot.test.context.SpringBootTestContextBootstrapper - Skipping candidate TestExecutionListener [org.springframework.test.context.jdbc.SqlScriptsTestExecutionListener] due to a missing dependency. Specify custom listener classes or make the default listener classes and their required dependencies available. Offending class: [org/springframework/transaction/interceptor/TransactionAttribute]
19:54:01.927 [Test worker] INFO org.springframework.boot.test.context.SpringBootTestContextBootstrapper - Using TestExecutionListeners: [org.springframework.test.context.web.ServletTestExecutionListener@6c959161, org.springframework.test.context.support.DirtiesContextBeforeModesTestExecutionListener@7db2dbc0, org.springframework.test.context.event.ApplicationEventsTestExecutionListener@1800e626, org.springframework.boot.test.mock.mockito.MockitoTestExecutionListener@2ae1830e, org.springframework.boot.test.autoconfigure.SpringBootDependencyInjectionTestExecutionListener@6a3f01aa, org.springframework.test.context.support.DirtiesContextTestExecutionListener@138abf6, org.springframework.test.context.event.EventPublishingTestExecutionListener@1e965c21, org.springframework.boot.test.autoconfigure.restdocs.RestDocsTestExecutionListener@3849550e, org.springframework.boot.test.autoconfigure.web.client.MockRestServiceServerResetTestExecutionListener@2a6931fc, org.springframework.boot.test.autoconfigure.web.servlet.MockMvcPrintOnlyOnFailureTestExecutionListener@6e4a485c, org.springframework.boot.test.autoconfigure.web.servlet.WebDriverTestExecutionListener@429166e0, org.springframework.boot.test.autoconfigure.webservices.client.MockWebServiceServerTestExecutionListener@3002ba99, org.springframework.boot.test.mock.mockito.ResetMocksTestExecutionListener@53879bb4]
19:54:01.935 [Test worker] DEBUG org.springframework.test.context.support.AbstractDirtiesContextTestExecutionListener - Before test class: context [DefaultTestContext@549699ae testClass = MainTest, testInstance = [null], testMethod = [null], testException = [null], mergedContextConfiguration = [WebMergedContextConfiguration@7b38ce05 testClass = MainTest, locations = '{}', classes = '{class com.example.App}', contextInitializerClasses = '[]', activeProfiles = '{}', propertySourceLocations = '{}', propertySourceProperties = '{org.springframework.boot.test.context.SpringBootTestContextBootstrapper=true}', contextCustomizers = set[org.springframework.boot.test.autoconfigure.actuate.metrics.MetricsExportContextCustomizerFactory$DisableMetricExportContextCustomizer@70518f8, org.springframework.boot.test.autoconfigure.properties.PropertyMappingContextCustomizer@0, org.springframework.boot.test.autoconfigure.web.servlet.WebDriverContextCustomizerFactory$Customizer@550f7ab7, org.springframework.boot.test.context.filter.ExcludeFilterContextCustomizer@6127a18f, org.springframework.boot.test.json.DuplicateJsonObjectContextCustomizerFactory$DuplicateJsonObjectContextCustomizer@55fecac4, org.springframework.boot.test.mock.mockito.MockitoContextCustomizer@0, org.springframework.boot.test.web.client.TestRestTemplateContextCustomizer@56cdfd1c, org.springframework.boot.test.context.SpringBootTestArgs@1, org.springframework.boot.test.context.SpringBootTestWebEnvironment@2f6c52fc], resourceBasePath = 'src/main/webapp', contextLoader = 'org.springframework.boot.test.context.SpringBootContextLoader', parent = [null]], attributes = map['org.springframework.test.context.web.ServletTestExecutionListener.activateListener' -> true]], class annotated with @DirtiesContext [false] with mode [null].
19:54:02.028 [Test worker] DEBUG org.springframework.test.context.support.TestPropertySourceUtils - Adding inlined properties to environment: {spring.jmx.enabled=false, org.springframework.boot.test.context.SpringBootTestContextBootstrapper=true}

  .   ____          _            __ _ _
 /\\ / ___'_ __ _ _(_)_ __  __ _ \ \ \ \
( ( )\___ | '_ | '_| | '_ \/ _` | \ \ \ \
 \\/  ___)| |_)| | | | | || (_| |  ) ) ) )
  '  |____| .__|_| |_|_| |_\__, | / / / /
 =========|_|==============|___/=/_/_/_/
 :: Spring Boot ::                (v2.5.6)

2021-12-18 19:54:02.573  INFO 32426 --- [    Test worker] com.example.design.MainTest              : Starting MainTest using Java 1.8.0_181 on zink with PID 32426 (started by zinkchen in /Users/zinkchen/IdeaProjects/tes/design-pattern-demo)
2021-12-18 19:54:02.584  INFO 32426 --- [    Test worker] com.example.design.MainTest              : No active profile set, falling back to default profiles: default
2021-12-18 19:54:06.474  INFO 32426 --- [    Test worker] com.example.design.MainTest              : Started MainTest in 4.433 seconds (JVM running for 6.821)
]]></system-out>
  <system-err><![CDATA[]]></system-err>
</testsuite>
